<?xml version="1.0" encoding="UTF-8"?>
<!-- Generated by org.testng.reporters.JUnitReportReporter -->
<testsuite name="com.selenium.Demo1" tests="3" time="48.121" ignored="0" failures="0" timestamp="17 Jun 2018 08:33:22 GMT" skipped="0" hostname="suraj-PC" errors="0">
  <testcase name="testing2" time="9.527" classname="com.selenium.Demo1"/>
  <testcase name="testing3" time="14.059" classname="com.selenium.Demo1"/>
  <testcase name="testing" time="24.535" classname="com.selenium.Demo1"/>
</testsuite> <!-- com.selenium.Demo1 -->
