<?xml version="1.0" encoding="UTF-8"?>
<!-- Generated by org.testng.reporters.JUnitReportReporter -->
<testsuite hostname="suraj-PC" name="Demo" tests="1" failures="0" timestamp="13 Jan 2018 07:41:58 GMT" time="0.018" errors="0">
  <testcase name="testing" time="0.018" classname="Demo"/>
</testsuite>
