<?xml version="1.0" encoding="UTF-8"?>
<!-- Generated by org.testng.reporters.JUnitReportReporter -->
<testsuite name="com.selenium.Demo" tests="1" time="0.009" ignored="0" failures="0" timestamp="21 Jan 2018 05:58:37 GMT" skipped="0" hostname="suraj-PC" errors="0">
  <testcase name="testing" time="0.009" classname="com.selenium.Demo"/>
</testsuite> <!-- com.selenium.Demo -->
